  main.cpp
C:\Users\saxto\source\repos\MonkeyWare\MonkeyWare\Config.h(177,75): warning C4267: 'argument': conversion from 'size_t' to 'int', possible loss of data
C:\Users\saxto\source\repos\MonkeyWare\MonkeyWare\Config.h(195,50): warning C4244: 'argument': conversion from 'int' to 'float', possible loss of data
C:\Users\saxto\source\repos\MonkeyWare\MonkeyWare\Config.h(195,47): warning C4244: 'argument': conversion from 'int' to 'float', possible loss of data
C:\Users\saxto\source\repos\MonkeyWare\MonkeyWare\Config.h(202,56): warning C4244: 'argument': conversion from 'int' to 'float', possible loss of data
C:\Users\saxto\source\repos\MonkeyWare\MonkeyWare\Config.h(202,49): warning C4244: 'argument': conversion from 'int' to 'float', possible loss of data
C:\Users\saxto\source\repos\MonkeyWare\MonkeyWare\Config.h(203,56): warning C4244: 'argument': conversion from 'int' to 'float', possible loss of data
C:\Users\saxto\source\repos\MonkeyWare\MonkeyWare\Config.h(203,49): warning C4244: 'argument': conversion from 'int' to 'float', possible loss of data
C:\Users\saxto\source\repos\MonkeyWare\MonkeyWare\Config.h(204,50): warning C4244: 'argument': conversion from 'int' to 'float', possible loss of data
C:\Users\saxto\source\repos\MonkeyWare\MonkeyWare\Config.h(204,47): warning C4244: 'argument': conversion from 'int' to 'float', possible loss of data
C:\Users\saxto\source\repos\MonkeyWare\MonkeyWare\Config.h(211,143): warning C4305: 'argument': truncation from 'double' to 'float'
C:\Users\saxto\source\repos\MonkeyWare\MonkeyWare\Config.h(211,56): warning C4244: 'argument': conversion from 'int' to 'float', possible loss of data
C:\Users\saxto\source\repos\MonkeyWare\MonkeyWare\Config.h(211,49): warning C4244: 'argument': conversion from 'int' to 'float', possible loss of data
C:\Users\saxto\source\repos\MonkeyWare\MonkeyWare\Config.h(212,143): warning C4305: 'argument': truncation from 'double' to 'float'
C:\Users\saxto\source\repos\MonkeyWare\MonkeyWare\Config.h(212,56): warning C4244: 'argument': conversion from 'int' to 'float', possible loss of data
C:\Users\saxto\source\repos\MonkeyWare\MonkeyWare\Config.h(212,49): warning C4244: 'argument': conversion from 'int' to 'float', possible loss of data
C:\Users\saxto\source\repos\MonkeyWare\MonkeyWare\Config.h(214,50): warning C4244: 'argument': conversion from 'int' to 'float', possible loss of data
C:\Users\saxto\source\repos\MonkeyWare\MonkeyWare\Config.h(214,47): warning C4244: 'argument': conversion from 'int' to 'float', possible loss of data
C:\Users\saxto\source\repos\MonkeyWare\MonkeyWare\Config.h(215,50): warning C4244: 'argument': conversion from 'int' to 'float', possible loss of data
C:\Users\saxto\source\repos\MonkeyWare\MonkeyWare\Config.h(215,47): warning C4244: 'argument': conversion from 'int' to 'float', possible loss of data
C:\Users\saxto\source\repos\MonkeyWare\MonkeyWare\Config.h(222,155): warning C4244: 'argument': conversion from 'double' to 'float', possible loss of data
C:\Users\saxto\source\repos\MonkeyWare\MonkeyWare\Config.h(222,137): warning C4244: 'argument': conversion from 'double' to 'float', possible loss of data
C:\Users\saxto\source\repos\MonkeyWare\MonkeyWare\Config.h(222,119): warning C4244: 'argument': conversion from 'double' to 'float', possible loss of data
C:\Users\saxto\source\repos\MonkeyWare\MonkeyWare\Config.h(222,101): warning C4244: 'argument': conversion from 'double' to 'float', possible loss of data
C:\Users\saxto\source\repos\MonkeyWare\MonkeyWare\Config.h(222,50): warning C4244: 'argument': conversion from 'int' to 'float', possible loss of data
C:\Users\saxto\source\repos\MonkeyWare\MonkeyWare\Config.h(222,47): warning C4244: 'argument': conversion from 'int' to 'float', possible loss of data
C:\Users\saxto\source\repos\MonkeyWare\MonkeyWare\Config.h(229,56): warning C4244: 'argument': conversion from 'int' to 'float', possible loss of data
C:\Users\saxto\source\repos\MonkeyWare\MonkeyWare\Config.h(229,49): warning C4244: 'argument': conversion from 'int' to 'float', possible loss of data
C:\Users\saxto\source\repos\MonkeyWare\MonkeyWare\Config.h(230,56): warning C4244: 'argument': conversion from 'int' to 'float', possible loss of data
C:\Users\saxto\source\repos\MonkeyWare\MonkeyWare\Config.h(230,49): warning C4244: 'argument': conversion from 'int' to 'float', possible loss of data
C:\Users\saxto\source\repos\MonkeyWare\MonkeyWare\Config.h(235,129): warning C4244: 'argument': conversion from 'int' to 'float', possible loss of data
C:\Users\saxto\source\repos\MonkeyWare\MonkeyWare\Config.h(235,70): warning C4244: 'argument': conversion from 'int' to 'float', possible loss of data
C:\Users\saxto\source\repos\MonkeyWare\MonkeyWare\Config.h(235,63): warning C4244: 'argument': conversion from 'int' to 'float', possible loss of data
C:\Users\saxto\source\repos\MonkeyWare\MonkeyWare\Config.h(235,50): warning C4244: 'argument': conversion from 'int' to 'float', possible loss of data
C:\Users\saxto\source\repos\MonkeyWare\MonkeyWare\Config.h(235,47): warning C4244: 'argument': conversion from 'int' to 'float', possible loss of data
C:\Users\saxto\source\repos\MonkeyWare\MonkeyWare\Config.h(239,177): warning C4244: 'argument': conversion from 'double' to 'float', possible loss of data
C:\Users\saxto\source\repos\MonkeyWare\MonkeyWare\Config.h(239,159): warning C4244: 'argument': conversion from 'double' to 'float', possible loss of data
C:\Users\saxto\source\repos\MonkeyWare\MonkeyWare\Config.h(239,141): warning C4244: 'argument': conversion from 'double' to 'float', possible loss of data
C:\Users\saxto\source\repos\MonkeyWare\MonkeyWare\Config.h(239,123): warning C4244: 'argument': conversion from 'double' to 'float', possible loss of data
C:\Users\saxto\source\repos\MonkeyWare\MonkeyWare\Config.h(239,194): warning C4244: 'argument': conversion from 'int' to 'float', possible loss of data
C:\Users\saxto\source\repos\MonkeyWare\MonkeyWare\Config.h(239,70): warning C4244: 'argument': conversion from 'int' to 'float', possible loss of data
C:\Users\saxto\source\repos\MonkeyWare\MonkeyWare\Config.h(239,63): warning C4244: 'argument': conversion from 'int' to 'float', possible loss of data
C:\Users\saxto\source\repos\MonkeyWare\MonkeyWare\Config.h(239,50): warning C4244: 'argument': conversion from 'int' to 'float', possible loss of data
C:\Users\saxto\source\repos\MonkeyWare\MonkeyWare\Config.h(239,47): warning C4244: 'argument': conversion from 'int' to 'float', possible loss of data
C:\Users\saxto\source\repos\MonkeyWare\MonkeyWare\Config.h(243,183): warning C4244: 'argument': conversion from 'double' to 'float', possible loss of data
C:\Users\saxto\source\repos\MonkeyWare\MonkeyWare\Config.h(243,165): warning C4244: 'argument': conversion from 'double' to 'float', possible loss of data
C:\Users\saxto\source\repos\MonkeyWare\MonkeyWare\Config.h(243,147): warning C4244: 'argument': conversion from 'double' to 'float', possible loss of data
C:\Users\saxto\source\repos\MonkeyWare\MonkeyWare\Config.h(243,129): warning C4244: 'argument': conversion from 'double' to 'float', possible loss of data
C:\Users\saxto\source\repos\MonkeyWare\MonkeyWare\Config.h(243,76): warning C4244: 'argument': conversion from 'int' to 'float', possible loss of data
C:\Users\saxto\source\repos\MonkeyWare\MonkeyWare\Config.h(243,69): warning C4244: 'argument': conversion from 'int' to 'float', possible loss of data
C:\Users\saxto\source\repos\MonkeyWare\MonkeyWare\Config.h(243,56): warning C4244: 'argument': conversion from 'int' to 'float', possible loss of data
C:\Users\saxto\source\repos\MonkeyWare\MonkeyWare\Config.h(243,53): warning C4244: 'argument': conversion from 'int' to 'float', possible loss of data
C:\Users\saxto\source\repos\MonkeyWare\MonkeyWare\Config.h(247,193): warning C4244: 'argument': conversion from 'double' to 'float', possible loss of data
C:\Users\saxto\source\repos\MonkeyWare\MonkeyWare\Config.h(247,175): warning C4244: 'argument': conversion from 'double' to 'float', possible loss of data
C:\Users\saxto\source\repos\MonkeyWare\MonkeyWare\Config.h(247,157): warning C4244: 'argument': conversion from 'double' to 'float', possible loss of data
C:\Users\saxto\source\repos\MonkeyWare\MonkeyWare\Config.h(247,139): warning C4244: 'argument': conversion from 'double' to 'float', possible loss of data
C:\Users\saxto\source\repos\MonkeyWare\MonkeyWare\Config.h(247,257): warning C4244: 'argument': conversion from 'double' to 'ImU32', possible loss of data
C:\Users\saxto\source\repos\MonkeyWare\MonkeyWare\Config.h(247,86): warning C4244: 'argument': conversion from 'int' to 'float', possible loss of data
C:\Users\saxto\source\repos\MonkeyWare\MonkeyWare\Config.h(247,79): warning C4244: 'argument': conversion from 'int' to 'float', possible loss of data
C:\Users\saxto\source\repos\MonkeyWare\MonkeyWare\Config.h(247,66): warning C4244: 'argument': conversion from 'int' to 'float', possible loss of data
C:\Users\saxto\source\repos\MonkeyWare\MonkeyWare\Config.h(247,63): warning C4244: 'argument': conversion from 'int' to 'float', possible loss of data
C:\Users\saxto\source\repos\MonkeyWare\MonkeyWare\Config.h(248,193): warning C4244: 'argument': conversion from 'double' to 'float', possible loss of data
C:\Users\saxto\source\repos\MonkeyWare\MonkeyWare\Config.h(248,175): warning C4244: 'argument': conversion from 'double' to 'float', possible loss of data
C:\Users\saxto\source\repos\MonkeyWare\MonkeyWare\Config.h(248,157): warning C4244: 'argument': conversion from 'double' to 'float', possible loss of data
C:\Users\saxto\source\repos\MonkeyWare\MonkeyWare\Config.h(248,139): warning C4244: 'argument': conversion from 'double' to 'float', possible loss of data
C:\Users\saxto\source\repos\MonkeyWare\MonkeyWare\Config.h(248,257): warning C4244: 'argument': conversion from 'double' to 'ImU32', possible loss of data
C:\Users\saxto\source\repos\MonkeyWare\MonkeyWare\Config.h(248,86): warning C4244: 'argument': conversion from 'int' to 'float', possible loss of data
C:\Users\saxto\source\repos\MonkeyWare\MonkeyWare\Config.h(248,79): warning C4244: 'argument': conversion from 'int' to 'float', possible loss of data
C:\Users\saxto\source\repos\MonkeyWare\MonkeyWare\Config.h(248,66): warning C4244: 'argument': conversion from 'int' to 'float', possible loss of data
C:\Users\saxto\source\repos\MonkeyWare\MonkeyWare\Config.h(248,63): warning C4244: 'argument': conversion from 'int' to 'float', possible loss of data
C:\Users\saxto\source\repos\MonkeyWare\MonkeyWare\Config.h(249,193): warning C4244: 'argument': conversion from 'double' to 'float', possible loss of data
C:\Users\saxto\source\repos\MonkeyWare\MonkeyWare\Config.h(249,175): warning C4244: 'argument': conversion from 'double' to 'float', possible loss of data
C:\Users\saxto\source\repos\MonkeyWare\MonkeyWare\Config.h(249,157): warning C4244: 'argument': conversion from 'double' to 'float', possible loss of data
C:\Users\saxto\source\repos\MonkeyWare\MonkeyWare\Config.h(249,139): warning C4244: 'argument': conversion from 'double' to 'float', possible loss of data
C:\Users\saxto\source\repos\MonkeyWare\MonkeyWare\Config.h(249,257): warning C4244: 'argument': conversion from 'double' to 'ImU32', possible loss of data
C:\Users\saxto\source\repos\MonkeyWare\MonkeyWare\Config.h(249,86): warning C4244: 'argument': conversion from 'int' to 'float', possible loss of data
C:\Users\saxto\source\repos\MonkeyWare\MonkeyWare\Config.h(249,79): warning C4244: 'argument': conversion from 'int' to 'float', possible loss of data
C:\Users\saxto\source\repos\MonkeyWare\MonkeyWare\Config.h(249,66): warning C4244: 'argument': conversion from 'int' to 'float', possible loss of data
C:\Users\saxto\source\repos\MonkeyWare\MonkeyWare\Config.h(249,63): warning C4244: 'argument': conversion from 'int' to 'float', possible loss of data
C:\Users\saxto\source\repos\MonkeyWare\MonkeyWare\Config.h(250,193): warning C4244: 'argument': conversion from 'double' to 'float', possible loss of data
C:\Users\saxto\source\repos\MonkeyWare\MonkeyWare\Config.h(250,175): warning C4244: 'argument': conversion from 'double' to 'float', possible loss of data
C:\Users\saxto\source\repos\MonkeyWare\MonkeyWare\Config.h(250,157): warning C4244: 'argument': conversion from 'double' to 'float', possible loss of data
C:\Users\saxto\source\repos\MonkeyWare\MonkeyWare\Config.h(250,139): warning C4244: 'argument': conversion from 'double' to 'float', possible loss of data
C:\Users\saxto\source\repos\MonkeyWare\MonkeyWare\Config.h(250,257): warning C4244: 'argument': conversion from 'double' to 'ImU32', possible loss of data
C:\Users\saxto\source\repos\MonkeyWare\MonkeyWare\Config.h(250,86): warning C4244: 'argument': conversion from 'int' to 'float', possible loss of data
C:\Users\saxto\source\repos\MonkeyWare\MonkeyWare\Config.h(250,79): warning C4244: 'argument': conversion from 'int' to 'float', possible loss of data
C:\Users\saxto\source\repos\MonkeyWare\MonkeyWare\Config.h(250,66): warning C4244: 'argument': conversion from 'int' to 'float', possible loss of data
C:\Users\saxto\source\repos\MonkeyWare\MonkeyWare\Config.h(250,63): warning C4244: 'argument': conversion from 'int' to 'float', possible loss of data
C:\Users\saxto\source\repos\MonkeyWare\MonkeyWare\Config.h(254,165): warning C4244: 'argument': conversion from 'double' to 'float', possible loss of data
C:\Users\saxto\source\repos\MonkeyWare\MonkeyWare\Config.h(254,147): warning C4244: 'argument': conversion from 'double' to 'float', possible loss of data
C:\Users\saxto\source\repos\MonkeyWare\MonkeyWare\Config.h(254,129): warning C4244: 'argument': conversion from 'double' to 'float', possible loss of data
C:\Users\saxto\source\repos\MonkeyWare\MonkeyWare\Config.h(254,76): warning C4244: 'argument': conversion from 'int' to 'float', possible loss of data
C:\Users\saxto\source\repos\MonkeyWare\MonkeyWare\Config.h(254,69): warning C4244: 'argument': conversion from 'int' to 'float', possible loss of data
C:\Users\saxto\source\repos\MonkeyWare\MonkeyWare\Config.h(254,56): warning C4244: 'argument': conversion from 'int' to 'float', possible loss of data
C:\Users\saxto\source\repos\MonkeyWare\MonkeyWare\Config.h(254,53): warning C4244: 'argument': conversion from 'int' to 'float', possible loss of data
C:\Users\saxto\source\repos\MonkeyWare\MonkeyWare\Config.h(259,165): warning C4244: 'argument': conversion from 'double' to 'float', possible loss of data
C:\Users\saxto\source\repos\MonkeyWare\MonkeyWare\Config.h(259,147): warning C4244: 'argument': conversion from 'double' to 'float', possible loss of data
C:\Users\saxto\source\repos\MonkeyWare\MonkeyWare\Config.h(259,129): warning C4244: 'argument': conversion from 'double' to 'float', possible loss of data
C:\Users\saxto\source\repos\MonkeyWare\MonkeyWare\Config.h(259,76): warning C4244: 'argument': conversion from 'int' to 'float', possible loss of data
C:\Users\saxto\source\repos\MonkeyWare\MonkeyWare\Config.h(259,69): warning C4244: 'argument': conversion from 'int' to 'float', possible loss of data
C:\Users\saxto\source\repos\MonkeyWare\MonkeyWare\Config.h(259,56): warning C4244: 'argument': conversion from 'int' to 'float', possible loss of data
C:\Users\saxto\source\repos\MonkeyWare\MonkeyWare\Config.h(259,53): warning C4244: 'argument': conversion from 'int' to 'float', possible loss of data
C:\Users\saxto\source\repos\MonkeyWare\MonkeyWare\Config.h(264,86): warning C4244: 'argument': conversion from 'int' to 'float', possible loss of data
C:\Users\saxto\source\repos\MonkeyWare\MonkeyWare\Config.h(264,79): warning C4244: 'argument': conversion from 'int' to 'float', possible loss of data
C:\Users\saxto\source\repos\MonkeyWare\MonkeyWare\Config.h(264,66): warning C4244: 'argument': conversion from 'int' to 'float', possible loss of data
C:\Users\saxto\source\repos\MonkeyWare\MonkeyWare\Config.h(264,63): warning C4244: 'argument': conversion from 'int' to 'float', possible loss of data
C:\Users\saxto\source\repos\MonkeyWare\MonkeyWare\Config.h(269,76): warning C4244: 'argument': conversion from 'int' to 'float', possible loss of data
C:\Users\saxto\source\repos\MonkeyWare\MonkeyWare\Config.h(269,69): warning C4244: 'argument': conversion from 'int' to 'float', possible loss of data
C:\Users\saxto\source\repos\MonkeyWare\MonkeyWare\Config.h(269,56): warning C4244: 'argument': conversion from 'int' to 'float', possible loss of data
C:\Users\saxto\source\repos\MonkeyWare\MonkeyWare\Config.h(269,53): warning C4244: 'argument': conversion from 'int' to 'float', possible loss of data
C:\Users\saxto\source\repos\MonkeyWare\MonkeyWare\Config.h(274,165): warning C4244: 'argument': conversion from 'double' to 'float', possible loss of data
C:\Users\saxto\source\repos\MonkeyWare\MonkeyWare\Config.h(274,147): warning C4244: 'argument': conversion from 'double' to 'float', possible loss of data
C:\Users\saxto\source\repos\MonkeyWare\MonkeyWare\Config.h(274,129): warning C4244: 'argument': conversion from 'double' to 'float', possible loss of data
C:\Users\saxto\source\repos\MonkeyWare\MonkeyWare\Config.h(274,76): warning C4244: 'argument': conversion from 'int' to 'float', possible loss of data
C:\Users\saxto\source\repos\MonkeyWare\MonkeyWare\Config.h(274,69): warning C4244: 'argument': conversion from 'int' to 'float', possible loss of data
C:\Users\saxto\source\repos\MonkeyWare\MonkeyWare\Config.h(274,56): warning C4244: 'argument': conversion from 'int' to 'float', possible loss of data
C:\Users\saxto\source\repos\MonkeyWare\MonkeyWare\Config.h(274,53): warning C4244: 'argument': conversion from 'int' to 'float', possible loss of data
C:\Users\saxto\source\repos\MonkeyWare\MonkeyWare\Config.h(279,165): warning C4244: 'argument': conversion from 'double' to 'float', possible loss of data
C:\Users\saxto\source\repos\MonkeyWare\MonkeyWare\Config.h(279,147): warning C4244: 'argument': conversion from 'double' to 'float', possible loss of data
C:\Users\saxto\source\repos\MonkeyWare\MonkeyWare\Config.h(279,129): warning C4244: 'argument': conversion from 'double' to 'float', possible loss of data
C:\Users\saxto\source\repos\MonkeyWare\MonkeyWare\Config.h(279,76): warning C4244: 'argument': conversion from 'int' to 'float', possible loss of data
C:\Users\saxto\source\repos\MonkeyWare\MonkeyWare\Config.h(279,69): warning C4244: 'argument': conversion from 'int' to 'float', possible loss of data
C:\Users\saxto\source\repos\MonkeyWare\MonkeyWare\Config.h(279,56): warning C4244: 'argument': conversion from 'int' to 'float', possible loss of data
C:\Users\saxto\source\repos\MonkeyWare\MonkeyWare\Config.h(279,53): warning C4244: 'argument': conversion from 'int' to 'float', possible loss of data
C:\Users\saxto\source\repos\MonkeyWare\MonkeyWare\Config.h(284,165): warning C4244: 'argument': conversion from 'double' to 'float', possible loss of data
C:\Users\saxto\source\repos\MonkeyWare\MonkeyWare\Config.h(284,147): warning C4244: 'argument': conversion from 'double' to 'float', possible loss of data
C:\Users\saxto\source\repos\MonkeyWare\MonkeyWare\Config.h(284,129): warning C4244: 'argument': conversion from 'double' to 'float', possible loss of data
C:\Users\saxto\source\repos\MonkeyWare\MonkeyWare\Config.h(284,76): warning C4244: 'argument': conversion from 'int' to 'float', possible loss of data
C:\Users\saxto\source\repos\MonkeyWare\MonkeyWare\Config.h(284,69): warning C4244: 'argument': conversion from 'int' to 'float', possible loss of data
C:\Users\saxto\source\repos\MonkeyWare\MonkeyWare\Config.h(284,56): warning C4244: 'argument': conversion from 'int' to 'float', possible loss of data
C:\Users\saxto\source\repos\MonkeyWare\MonkeyWare\Config.h(284,53): warning C4244: 'argument': conversion from 'int' to 'float', possible loss of data
C:\Users\saxto\source\repos\MonkeyWare\MonkeyWare\Config.h(289,175): warning C4244: 'argument': conversion from 'double' to 'float', possible loss of data
C:\Users\saxto\source\repos\MonkeyWare\MonkeyWare\Config.h(289,157): warning C4244: 'argument': conversion from 'double' to 'float', possible loss of data
C:\Users\saxto\source\repos\MonkeyWare\MonkeyWare\Config.h(289,139): warning C4244: 'argument': conversion from 'double' to 'float', possible loss of data
C:\Users\saxto\source\repos\MonkeyWare\MonkeyWare\Config.h(289,276): warning C4244: 'argument': conversion from 'double' to 'float', possible loss of data
C:\Users\saxto\source\repos\MonkeyWare\MonkeyWare\Config.h(289,258): warning C4244: 'argument': conversion from 'double' to 'float', possible loss of data
C:\Users\saxto\source\repos\MonkeyWare\MonkeyWare\Config.h(289,240): warning C4244: 'argument': conversion from 'double' to 'float', possible loss of data
C:\Users\saxto\source\repos\MonkeyWare\MonkeyWare\Config.h(289,86): warning C4244: 'argument': conversion from 'int' to 'float', possible loss of data
C:\Users\saxto\source\repos\MonkeyWare\MonkeyWare\Config.h(289,79): warning C4244: 'argument': conversion from 'int' to 'float', possible loss of data
C:\Users\saxto\source\repos\MonkeyWare\MonkeyWare\Config.h(289,66): warning C4244: 'argument': conversion from 'int' to 'float', possible loss of data
C:\Users\saxto\source\repos\MonkeyWare\MonkeyWare\Config.h(289,63): warning C4244: 'argument': conversion from 'int' to 'float', possible loss of data
C:\Users\saxto\source\repos\MonkeyWare\MonkeyWare\Config.h(304,28): warning C4244: '=': conversion from 'uint32_t' to 'float', possible loss of data
C:\Users\saxto\source\repos\MonkeyWare\MonkeyWare\Config.h(305,28): warning C4244: '=': conversion from 'uint32_t' to 'float', possible loss of data
C:\Users\saxto\source\repos\MonkeyWare\MonkeyWare\Config.h(306,27): warning C4244: '=': conversion from 'uint32_t' to 'float', possible loss of data
C:\Users\saxto\source\repos\MonkeyWare\MonkeyWare\Config.h(307,21): warning C4244: '=': conversion from 'uint32_t' to 'float', possible loss of data
C:\Users\saxto\source\repos\MonkeyWare\MonkeyWare\Config.h(523,110): warning C4244: 'argument': conversion from 'double' to 'float', possible loss of data
C:\Users\saxto\source\repos\MonkeyWare\MonkeyWare\main.cpp(146,52): warning C4244: 'argument': conversion from 'float' to 'int', possible loss of data
C:\Users\saxto\source\repos\MonkeyWare\MonkeyWare\main.cpp(146,43): warning C4244: 'argument': conversion from 'float' to 'int', possible loss of data
C:\Users\saxto\source\repos\MonkeyWare\MonkeyWare\main.cpp(147,53): warning C4244: 'argument': conversion from 'float' to 'int', possible loss of data
C:\Users\saxto\source\repos\MonkeyWare\MonkeyWare\main.cpp(147,44): warning C4244: 'argument': conversion from 'float' to 'int', possible loss of data
C:\Users\saxto\source\repos\MonkeyWare\MonkeyWare\main.cpp(149,53): warning C4244: 'argument': conversion from 'float' to 'int', possible loss of data
C:\Users\saxto\source\repos\MonkeyWare\MonkeyWare\main.cpp(149,44): warning C4244: 'argument': conversion from 'float' to 'int', possible loss of data
C:\Users\saxto\source\repos\MonkeyWare\MonkeyWare\main.cpp(150,53): warning C4244: 'argument': conversion from 'float' to 'int', possible loss of data
C:\Users\saxto\source\repos\MonkeyWare\MonkeyWare\main.cpp(150,44): warning C4244: 'argument': conversion from 'float' to 'int', possible loss of data
C:\Users\saxto\source\repos\MonkeyWare\MonkeyWare\main.cpp(151,53): warning C4244: 'argument': conversion from 'float' to 'int', possible loss of data
C:\Users\saxto\source\repos\MonkeyWare\MonkeyWare\main.cpp(151,44): warning C4244: 'argument': conversion from 'float' to 'int', possible loss of data
C:\Users\saxto\source\repos\MonkeyWare\MonkeyWare\main.cpp(152,53): warning C4244: 'argument': conversion from 'float' to 'int', possible loss of data
C:\Users\saxto\source\repos\MonkeyWare\MonkeyWare\main.cpp(152,44): warning C4244: 'argument': conversion from 'float' to 'int', possible loss of data
C:\Users\saxto\source\repos\MonkeyWare\MonkeyWare\main.cpp(153,53): warning C4244: 'argument': conversion from 'float' to 'int', possible loss of data
C:\Users\saxto\source\repos\MonkeyWare\MonkeyWare\main.cpp(153,44): warning C4244: 'argument': conversion from 'float' to 'int', possible loss of data
C:\Users\saxto\source\repos\MonkeyWare\MonkeyWare\main.cpp(154,46): warning C4244: 'argument': conversion from 'float' to 'int', possible loss of data
C:\Users\saxto\source\repos\MonkeyWare\MonkeyWare\main.cpp(154,37): warning C4244: 'argument': conversion from 'float' to 'int', possible loss of data
C:\Users\saxto\source\repos\MonkeyWare\MonkeyWare\main.cpp(158,52): warning C4244: 'argument': conversion from 'float' to 'int', possible loss of data
C:\Users\saxto\source\repos\MonkeyWare\MonkeyWare\main.cpp(158,43): warning C4244: 'argument': conversion from 'float' to 'int', possible loss of data
C:\Users\saxto\source\repos\MonkeyWare\MonkeyWare\main.cpp(159,53): warning C4244: 'argument': conversion from 'float' to 'int', possible loss of data
C:\Users\saxto\source\repos\MonkeyWare\MonkeyWare\main.cpp(159,44): warning C4244: 'argument': conversion from 'float' to 'int', possible loss of data
C:\Users\saxto\source\repos\MonkeyWare\MonkeyWare\main.cpp(160,53): warning C4244: 'argument': conversion from 'float' to 'int', possible loss of data
C:\Users\saxto\source\repos\MonkeyWare\MonkeyWare\main.cpp(160,44): warning C4244: 'argument': conversion from 'float' to 'int', possible loss of data
C:\Users\saxto\source\repos\MonkeyWare\MonkeyWare\main.cpp(162,52): warning C4244: 'argument': conversion from 'float' to 'int', possible loss of data
C:\Users\saxto\source\repos\MonkeyWare\MonkeyWare\main.cpp(162,43): warning C4244: 'argument': conversion from 'float' to 'int', possible loss of data
C:\Users\saxto\source\repos\MonkeyWare\MonkeyWare\main.cpp(163,53): warning C4244: 'argument': conversion from 'float' to 'int', possible loss of data
C:\Users\saxto\source\repos\MonkeyWare\MonkeyWare\main.cpp(163,44): warning C4244: 'argument': conversion from 'float' to 'int', possible loss of data
C:\Users\saxto\source\repos\MonkeyWare\MonkeyWare\main.cpp(164,53): warning C4244: 'argument': conversion from 'float' to 'int', possible loss of data
C:\Users\saxto\source\repos\MonkeyWare\MonkeyWare\main.cpp(164,44): warning C4244: 'argument': conversion from 'float' to 'int', possible loss of data
C:\Users\saxto\source\repos\MonkeyWare\MonkeyWare\main.cpp(166,52): warning C4244: 'argument': conversion from 'float' to 'int', possible loss of data
C:\Users\saxto\source\repos\MonkeyWare\MonkeyWare\main.cpp(166,43): warning C4244: 'argument': conversion from 'float' to 'int', possible loss of data
C:\Users\saxto\source\repos\MonkeyWare\MonkeyWare\main.cpp(167,53): warning C4244: 'argument': conversion from 'float' to 'int', possible loss of data
C:\Users\saxto\source\repos\MonkeyWare\MonkeyWare\main.cpp(167,44): warning C4244: 'argument': conversion from 'float' to 'int', possible loss of data
C:\Users\saxto\source\repos\MonkeyWare\MonkeyWare\main.cpp(168,53): warning C4244: 'argument': conversion from 'float' to 'int', possible loss of data
C:\Users\saxto\source\repos\MonkeyWare\MonkeyWare\main.cpp(168,44): warning C4244: 'argument': conversion from 'float' to 'int', possible loss of data
C:\Users\saxto\source\repos\MonkeyWare\MonkeyWare\main.cpp(175,47): warning C4244: 'argument': conversion from 'float' to 'int', possible loss of data
C:\Users\saxto\source\repos\MonkeyWare\MonkeyWare\main.cpp(175,37): warning C4244: 'argument': conversion from 'float' to 'int', possible loss of data
C:\Users\saxto\source\repos\MonkeyWare\MonkeyWare\main.cpp(176,47): warning C4244: 'argument': conversion from 'float' to 'int', possible loss of data
C:\Users\saxto\source\repos\MonkeyWare\MonkeyWare\main.cpp(176,37): warning C4244: 'argument': conversion from 'float' to 'int', possible loss of data
C:\Users\saxto\source\repos\MonkeyWare\MonkeyWare\main.cpp(177,47): warning C4244: 'argument': conversion from 'float' to 'int', possible loss of data
C:\Users\saxto\source\repos\MonkeyWare\MonkeyWare\main.cpp(177,37): warning C4244: 'argument': conversion from 'float' to 'int', possible loss of data
C:\Users\saxto\source\repos\MonkeyWare\MonkeyWare\main.cpp(179,46): warning C4244: 'argument': conversion from 'float' to 'int', possible loss of data
C:\Users\saxto\source\repos\MonkeyWare\MonkeyWare\main.cpp(179,37): warning C4244: 'argument': conversion from 'float' to 'int', possible loss of data
C:\Users\saxto\source\repos\MonkeyWare\MonkeyWare\main.cpp(180,46): warning C4244: 'argument': conversion from 'float' to 'int', possible loss of data
C:\Users\saxto\source\repos\MonkeyWare\MonkeyWare\main.cpp(180,37): warning C4244: 'argument': conversion from 'float' to 'int', possible loss of data
  Generating code
  Previous IPDB and IOBJ mismatch, fall back to full compilation.
  All 2110 functions were compiled because no usable IPDB/IOBJ from previous compilation was found.
  Finished generating code
  MonkeyWare.vcxproj -> C:\Users\saxto\source\repos\MonkeyWare\x64\Release\MonkeyWare.exe
